Arguments: 
  /usr/local/Cellar/node/12.4.0/bin/node /Users/aymeric/.yarn/bin/yarn.js add Odometer

PATH: 
  /Users/aymeric/.yarn/bin:/Users/aymeric/.config/yarn/global/node_modules/.bin:/usr/local/opt/ruby/bin:./bin:./node_modules/.bin:/Users/aymeric/.rbenv/shims:/Users/aymeric/.rbenv/bin:/usr/local/bin:/usr/bin:/bin:/usr/sbin:/sbin:/Applications/Wireshark.app/Contents/MacOS:/usr/local/sbin

Yarn version: 
  1.17.3

Node version: 
  12.4.0

Platform: 
  darwin x64

Trace: 
  Error: https://registry.yarnpkg.com/Odometer: Not found
      at Request.params.callback [as _callback] (/Users/aymeric/.yarn/lib/cli.js:66830:18)
      at Request.self.callback (/Users/aymeric/.yarn/lib/cli.js:140464:22)
      at Request.emit (events.js:200:13)
      at Request.<anonymous> (/Users/aymeric/.yarn/lib/cli.js:141436:10)
      at Request.emit (events.js:200:13)
      at IncomingMessage.<anonymous> (/Users/aymeric/.yarn/lib/cli.js:141358:12)
      at Object.onceWrapper (events.js:288:20)
      at IncomingMessage.emit (events.js:205:15)
      at endReadableNT (_stream_readable.js:1154:12)
      at processTicksAndRejections (internal/process/task_queues.js:84:9)

npm manifest: 
  {
    "name": "count",
    "version": "0.0.0",
    "private": true,
    "scripts": {
      "start": "node ./bin/www"
    },
    "dependencies": {
      "cookie-parser": "~1.4.4",
      "debug": "~2.6.9",
      "express": "~4.16.1",
      "http-errors": "~1.6.3",
      "morgan": "~1.9.1",
      "pug": "2.0.0-beta11"
    }
  }

yarn manifest: 
  No manifest

Lockfile: 
  No lockfile
